<?xml version="1.0" encoding="UTF-8"?>
<!-- Generated by org.testng.reporters.JUnitReportReporter -->
<testsuite hostname="DESKTOP-V38CDKF" failures="0" tests="1" name="testclasses.RunUiTest" time="17.329" errors="0" timestamp="2024-12-09T10:25:14 IST" skipped="0">
  <testcase classname="testclasses.RunUiTest" name="executeTest" time="17.329"/>
  <system-out/>
</testsuite> <!-- testclasses.RunUiTest -->
