<?xml version="1.0" encoding="UTF-8"?>
<!-- Generated by org.testng.reporters.JUnitReportReporter -->
<testsuite hostname="DESKTOP-V38CDKF" failures="0" tests="1" name="test.TestClass" time="28.688" errors="0" timestamp="2024-12-08T21:28:23 IST" skipped="0">
  <testcase classname="test.TestClass" name="executeTest" time="28.688"/>
  <system-out/>
</testsuite> <!-- test.TestClass -->
