<?xml version="1.0" encoding="UTF-8"?>
<!-- Generated by org.testng.reporters.JUnitReportReporter -->
<testsuite hostname="DESKTOP-V38CDKF" failures="0" tests="1" name="test.BaseTest" time="6.378" errors="0" timestamp="2024-12-08T12:18:04 IST" skipped="0">
  <testcase classname="test.BaseTest" name="initializeChromeDriver" time="6.378"/>
  <system-out/>
</testsuite> <!-- test.BaseTest -->
