<?xml version="1.0" encoding="UTF-8"?>
<!-- Generated by org.testng.reporters.JUnitReportReporter -->
<testsuite hostname="DESKTOP-V38CDKF" failures="0" tests="1" name="testclasses.RunApiTest" time="4.248" errors="0" timestamp="2024-12-09T10:24:37 IST" skipped="0">
  <testcase classname="testclasses.RunApiTest" name="testGetRequest" time="4.248"/>
  <system-out/>
</testsuite> <!-- testclasses.RunApiTest -->
