<?xml version="1.0" encoding="UTF-8"?>
<!-- Generated by org.testng.reporters.JUnitReportReporter -->
<testsuite hostname="DESKTOP-V38CDKF" failures="0" tests="2" name="assigment.FIS_Selenium_Assignment.AppTest" time="0.025" errors="0" timestamp="2024-12-07T23:47:29 IST" skipped="0">
  <testcase classname="assigment.FIS_Selenium_Assignment.AppTest" name="testTc" time="0.021"/>
  <system-out/>
  <testcase classname="assigment.FIS_Selenium_Assignment.AppTest" name="testTc2" time="0.004"/>
  <system-out/>
</testsuite> <!-- assigment.FIS_Selenium_Assignment.AppTest -->
